Arguments: 
  /Users/bebejane/.nvm/versions/node/v16.14.2/bin/node /usr/local/Cellar/yarn/1.22.11/libexec/bin/yarn.js install

PATH: 
  /Users/bebejane/.nvm/versions/node/v16.14.2/bin:/usr/local/bin:/usr/bin:/bin:/usr/sbin:/sbin:/Applications/VMware Fusion.app/Contents/Public:/usr/local/MacGPG2/bin:/opt/X11/bin:/Users/bebejane/.nvm/versions/node/v16.14.2/bin:/Users/bebejane/.rvm/bin:/Users/bebejane/.rvm/bin

Yarn version: 
  1.22.11

Node version: 
  16.14.2

Platform: 
  darwin x64

Trace: 
  SyntaxError: /Users/bebejane/Work/konstochteknik/orsjo/orsjo/package.json: Unexpected string in JSON at position 215
      at JSON.parse (<anonymous>)
      at /usr/local/Cellar/yarn/1.22.11/libexec/lib/cli.js:1625:59
      at Generator.next (<anonymous>)
      at step (/usr/local/Cellar/yarn/1.22.11/libexec/lib/cli.js:310:30)
      at /usr/local/Cellar/yarn/1.22.11/libexec/lib/cli.js:321:13

npm manifest: 
  {
    "name": "orsjo",
    "version": "1.0.0",
    "description": "",
    "main": "index.js",
    "private": true,
    "workspaces": ["packages/orsjo-datocms-plugin", "packages/orsjo-website", "packages/orsjo-pdf-generator"]
    "scripts": {
      "test": "echo \"Error: no test specified\" && exit 1"
    },
    "author": "",
    "license": "ISC"
  }

yarn manifest: 
  No manifest

Lockfile: 
  No lockfile
